2023-09-10T19:55:48.050+02:00  INFO 22428 --- [main] c.e.M.Masterproject4Application          : Starting Masterproject4Application using Java 19.0.1 with PID 22428 (C:\Users\domin\IdeaProjects\Masterproject4\target\classes started by domin in C:\Users\domin\IdeaProjects\Masterproject4)
2023-09-10T19:55:48.057+02:00  INFO 22428 --- [main] c.e.M.Masterproject4Application          : No active profile set, falling back to 1 default profile: "default"
2023-09-10T19:55:48.487+02:00  INFO 22428 --- [main] .s.d.r.c.RepositoryConfigurationDelegate : Bootstrapping Spring Data JPA repositories in DEFAULT mode.
2023-09-10T19:55:48.536+02:00  INFO 22428 --- [main] .s.d.r.c.RepositoryConfigurationDelegate : Finished Spring Data repository scanning in 41 ms. Found 1 JPA repository interfaces.
2023-09-10T19:55:48.983+02:00  INFO 22428 --- [main] o.s.b.w.embedded.tomcat.TomcatWebServer  : Tomcat initialized with port(s): 8080 (http)
2023-09-10T19:55:48.993+02:00  INFO 22428 --- [main] o.apache.catalina.core.StandardService   : Starting service [Tomcat]
2023-09-10T19:55:48.994+02:00  INFO 22428 --- [main] o.apache.catalina.core.StandardEngine    : Starting Servlet engine: [Apache Tomcat/10.1.8]
2023-09-10T19:55:49.089+02:00  INFO 22428 --- [main] o.a.c.c.C.[Tomcat].[localhost].[/]       : Initializing Spring embedded WebApplicationContext
2023-09-10T19:55:49.090+02:00  INFO 22428 --- [main] w.s.c.ServletWebServerApplicationContext : Root WebApplicationContext: initialization completed in 1000 ms
2023-09-10T19:55:49.211+02:00  INFO 22428 --- [main] o.hibernate.jpa.internal.util.LogHelper  : HHH000204: Processing PersistenceUnitInfo [name: default]
2023-09-10T19:55:49.267+02:00  INFO 22428 --- [main] org.hibernate.Version                    : HHH000412: Hibernate ORM core version 6.2.2.Final
2023-09-10T19:55:49.269+02:00  INFO 22428 --- [main] org.hibernate.cfg.Environment            : HHH000406: Using bytecode reflection optimizer
2023-09-10T19:55:49.392+02:00  INFO 22428 --- [main] o.h.b.i.BytecodeProviderInitiator        : HHH000021: Bytecode provider name : bytebuddy
2023-09-10T19:55:49.493+02:00  INFO 22428 --- [main] o.s.o.j.p.SpringPersistenceUnitInfo      : No LoadTimeWeaver setup: ignoring JPA class transformer
2023-09-10T19:55:49.506+02:00  INFO 22428 --- [main] com.zaxxer.hikari.HikariDataSource       : HikariPool-1 - Starting...
2023-09-10T19:55:49.663+02:00  INFO 22428 --- [main] com.zaxxer.hikari.pool.HikariPool        : HikariPool-1 - Added connection com.mysql.cj.jdbc.ConnectionImpl@51d8f2f2
2023-09-10T19:55:49.665+02:00  INFO 22428 --- [main] com.zaxxer.hikari.HikariDataSource       : HikariPool-1 - Start completed.
2023-09-10T19:55:49.706+02:00  INFO 22428 --- [main] org.hibernate.orm.dialect                : HHH035001: Using dialect: org.hibernate.dialect.MySQLDialect, version: 8.0.32
2023-09-10T19:55:49.866+02:00  INFO 22428 --- [main] o.h.b.i.BytecodeProviderInitiator        : HHH000021: Bytecode provider name : bytebuddy
2023-09-10T19:55:50.337+02:00  INFO 22428 --- [main] o.h.e.t.j.p.i.JtaPlatformInitiator       : HHH000490: Using JtaPlatform implementation: [org.hibernate.engine.transaction.jta.platform.internal.NoJtaPlatform]
2023-09-10T19:55:50.787+02:00  INFO 22428 --- [main] j.LocalContainerEntityManagerFactoryBean : Initialized JPA EntityManagerFactory for persistence unit 'default'
2023-09-10T19:55:50.998+02:00  WARN 22428 --- [main] JpaBaseConfiguration$JpaWebConfiguration : spring.jpa.open-in-view is enabled by default. Therefore, database queries may be performed during view rendering. Explicitly configure spring.jpa.open-in-view to disable this warning
2023-09-10T19:55:51.090+02:00  INFO 22428 --- [main] o.s.b.a.w.s.WelcomePageHandlerMapping    : Adding welcome page: class path resource [static/index.html]
2023-09-10T19:55:51.200+02:00  INFO 22428 --- [main] o.s.b.w.embedded.tomcat.TomcatWebServer  : Tomcat started on port(s): 8080 (http) with context path ''
2023-09-10T19:55:51.205+02:00  INFO 22428 --- [main] c.e.M.Masterproject4Application          : Started Masterproject4Application in 3.618 seconds (process running for 3.895)
2023-09-10T19:55:53.477+02:00  INFO 22428 --- [http-nio-8080-exec-1] o.a.c.c.C.[Tomcat].[localhost].[/]       : Initializing Spring DispatcherServlet 'dispatcherServlet'
2023-09-10T19:55:53.477+02:00  INFO 22428 --- [http-nio-8080-exec-1] o.s.web.servlet.DispatcherServlet        : Initializing Servlet 'dispatcherServlet'
2023-09-10T19:55:53.477+02:00  INFO 22428 --- [http-nio-8080-exec-1] o.s.web.servlet.DispatcherServlet        : Completed initialization in 0 ms
2023-09-10T20:14:07.490+02:00  INFO 22428 --- [SpringApplicationShutdownHook] j.LocalContainerEntityManagerFactoryBean : Closing JPA EntityManagerFactory for persistence unit 'default'
2023-09-10T20:14:07.492+02:00  INFO 22428 --- [SpringApplicationShutdownHook] com.zaxxer.hikari.HikariDataSource       : HikariPool-1 - Shutdown initiated...
2023-09-10T20:14:07.499+02:00  INFO 22428 --- [SpringApplicationShutdownHook] com.zaxxer.hikari.HikariDataSource       : HikariPool-1 - Shutdown completed.
2023-09-10T20:16:51.490+02:00  INFO 22636 --- [main] c.e.M.Masterproject4Application          : Starting Masterproject4Application using Java 19.0.1 with PID 22636 (C:\Users\domin\IdeaProjects\Masterproject4\target\classes started by domin in C:\Users\domin\IdeaProjects\Masterproject4)
2023-09-10T20:16:51.492+02:00  INFO 22636 --- [main] c.e.M.Masterproject4Application          : No active profile set, falling back to 1 default profile: "default"
2023-09-10T20:16:51.853+02:00  INFO 22636 --- [main] .s.d.r.c.RepositoryConfigurationDelegate : Bootstrapping Spring Data JPA repositories in DEFAULT mode.
2023-09-10T20:16:51.893+02:00  INFO 22636 --- [main] .s.d.r.c.RepositoryConfigurationDelegate : Finished Spring Data repository scanning in 35 ms. Found 1 JPA repository interfaces.
2023-09-10T20:16:52.240+02:00  INFO 22636 --- [main] o.s.b.w.embedded.tomcat.TomcatWebServer  : Tomcat initialized with port(s): 8080 (http)
2023-09-10T20:16:52.248+02:00  INFO 22636 --- [main] o.apache.catalina.core.StandardService   : Starting service [Tomcat]
2023-09-10T20:16:52.248+02:00  INFO 22636 --- [main] o.apache.catalina.core.StandardEngine    : Starting Servlet engine: [Apache Tomcat/10.1.8]
2023-09-10T20:16:52.318+02:00  INFO 22636 --- [main] o.a.c.c.C.[Tomcat].[localhost].[/]       : Initializing Spring embedded WebApplicationContext
2023-09-10T20:16:52.318+02:00  INFO 22636 --- [main] w.s.c.ServletWebServerApplicationContext : Root WebApplicationContext: initialization completed in 796 ms
2023-09-10T20:16:52.422+02:00  INFO 22636 --- [main] o.hibernate.jpa.internal.util.LogHelper  : HHH000204: Processing PersistenceUnitInfo [name: default]
2023-09-10T20:16:52.459+02:00  INFO 22636 --- [main] org.hibernate.Version                    : HHH000412: Hibernate ORM core version 6.2.2.Final
2023-09-10T20:16:52.461+02:00  INFO 22636 --- [main] org.hibernate.cfg.Environment            : HHH000406: Using bytecode reflection optimizer
2023-09-10T20:16:52.559+02:00  INFO 22636 --- [main] o.h.b.i.BytecodeProviderInitiator        : HHH000021: Bytecode provider name : bytebuddy
2023-09-10T20:16:52.647+02:00  INFO 22636 --- [main] o.s.o.j.p.SpringPersistenceUnitInfo      : No LoadTimeWeaver setup: ignoring JPA class transformer
2023-09-10T20:16:52.658+02:00  INFO 22636 --- [main] com.zaxxer.hikari.HikariDataSource       : HikariPool-1 - Starting...
2023-09-10T20:16:52.767+02:00  INFO 22636 --- [main] com.zaxxer.hikari.pool.HikariPool        : HikariPool-1 - Added connection com.mysql.cj.jdbc.ConnectionImpl@3dea226b
2023-09-10T20:16:52.768+02:00  INFO 22636 --- [main] com.zaxxer.hikari.HikariDataSource       : HikariPool-1 - Start completed.
2023-09-10T20:16:52.803+02:00  INFO 22636 --- [main] org.hibernate.orm.dialect                : HHH035001: Using dialect: org.hibernate.dialect.MySQLDialect, version: 8.0.32
2023-09-10T20:16:52.938+02:00  INFO 22636 --- [main] o.h.b.i.BytecodeProviderInitiator        : HHH000021: Bytecode provider name : bytebuddy
2023-09-10T20:16:53.378+02:00  INFO 22636 --- [main] o.h.e.t.j.p.i.JtaPlatformInitiator       : HHH000490: Using JtaPlatform implementation: [org.hibernate.engine.transaction.jta.platform.internal.NoJtaPlatform]
2023-09-10T20:16:53.802+02:00  INFO 22636 --- [main] j.LocalContainerEntityManagerFactoryBean : Initialized JPA EntityManagerFactory for persistence unit 'default'
2023-09-10T20:16:53.978+02:00  WARN 22636 --- [main] JpaBaseConfiguration$JpaWebConfiguration : spring.jpa.open-in-view is enabled by default. Therefore, database queries may be performed during view rendering. Explicitly configure spring.jpa.open-in-view to disable this warning
2023-09-10T20:16:54.057+02:00  INFO 22636 --- [main] o.s.b.a.w.s.WelcomePageHandlerMapping    : Adding welcome page: class path resource [static/index.html]
2023-09-10T20:16:54.159+02:00  INFO 22636 --- [main] o.s.b.w.embedded.tomcat.TomcatWebServer  : Tomcat started on port(s): 8080 (http) with context path ''
2023-09-10T20:16:54.165+02:00  INFO 22636 --- [main] c.e.M.Masterproject4Application          : Started Masterproject4Application in 3.008 seconds (process running for 3.24)
2023-09-10T20:16:54.301+02:00  INFO 22636 --- [http-nio-8080-exec-1] o.a.c.c.C.[Tomcat].[localhost].[/]       : Initializing Spring DispatcherServlet 'dispatcherServlet'
2023-09-10T20:16:54.301+02:00  INFO 22636 --- [http-nio-8080-exec-1] o.s.web.servlet.DispatcherServlet        : Initializing Servlet 'dispatcherServlet'
2023-09-10T20:16:54.302+02:00  INFO 22636 --- [http-nio-8080-exec-1] o.s.web.servlet.DispatcherServlet        : Completed initialization in 1 ms
2023-09-10T20:17:02.874+02:00  INFO 22636 --- [SpringApplicationShutdownHook] j.LocalContainerEntityManagerFactoryBean : Closing JPA EntityManagerFactory for persistence unit 'default'
2023-09-10T20:17:02.876+02:00  INFO 22636 --- [SpringApplicationShutdownHook] com.zaxxer.hikari.HikariDataSource       : HikariPool-1 - Shutdown initiated...
2023-09-10T20:17:02.882+02:00  INFO 22636 --- [SpringApplicationShutdownHook] com.zaxxer.hikari.HikariDataSource       : HikariPool-1 - Shutdown completed.
2023-09-10T20:19:41.367+02:00  INFO 28400 --- [main] c.e.M.Masterproject4Application          : Starting Masterproject4Application using Java 19.0.1 with PID 28400 (C:\Users\domin\IdeaProjects\Masterproject4\target\classes started by domin in C:\Users\domin\IdeaProjects\Masterproject4)
2023-09-10T20:19:41.368+02:00  INFO 28400 --- [main] c.e.M.Masterproject4Application          : No active profile set, falling back to 1 default profile: "default"
2023-09-10T20:19:41.728+02:00  INFO 28400 --- [main] .s.d.r.c.RepositoryConfigurationDelegate : Bootstrapping Spring Data JPA repositories in DEFAULT mode.
2023-09-10T20:19:41.767+02:00  INFO 28400 --- [main] .s.d.r.c.RepositoryConfigurationDelegate : Finished Spring Data repository scanning in 33 ms. Found 1 JPA repository interfaces.
2023-09-10T20:19:42.123+02:00  INFO 28400 --- [main] o.s.b.w.embedded.tomcat.TomcatWebServer  : Tomcat initialized with port(s): 8080 (http)
2023-09-10T20:19:42.131+02:00  INFO 28400 --- [main] o.apache.catalina.core.StandardService   : Starting service [Tomcat]
2023-09-10T20:19:42.131+02:00  INFO 28400 --- [main] o.apache.catalina.core.StandardEngine    : Starting Servlet engine: [Apache Tomcat/10.1.8]
2023-09-10T20:19:42.200+02:00  INFO 28400 --- [main] o.a.c.c.C.[Tomcat].[localhost].[/]       : Initializing Spring embedded WebApplicationContext
2023-09-10T20:19:42.200+02:00  INFO 28400 --- [main] w.s.c.ServletWebServerApplicationContext : Root WebApplicationContext: initialization completed in 802 ms
2023-09-10T20:19:42.314+02:00  INFO 28400 --- [main] o.hibernate.jpa.internal.util.LogHelper  : HHH000204: Processing PersistenceUnitInfo [name: default]
2023-09-10T20:19:42.350+02:00  INFO 28400 --- [main] org.hibernate.Version                    : HHH000412: Hibernate ORM core version 6.2.2.Final
2023-09-10T20:19:42.352+02:00  INFO 28400 --- [main] org.hibernate.cfg.Environment            : HHH000406: Using bytecode reflection optimizer
2023-09-10T20:19:42.440+02:00  INFO 28400 --- [main] o.h.b.i.BytecodeProviderInitiator        : HHH000021: Bytecode provider name : bytebuddy
2023-09-10T20:19:42.524+02:00  INFO 28400 --- [main] o.s.o.j.p.SpringPersistenceUnitInfo      : No LoadTimeWeaver setup: ignoring JPA class transformer
2023-09-10T20:19:42.537+02:00  INFO 28400 --- [main] com.zaxxer.hikari.HikariDataSource       : HikariPool-1 - Starting...
2023-09-10T20:19:42.644+02:00  INFO 28400 --- [main] com.zaxxer.hikari.pool.HikariPool        : HikariPool-1 - Added connection com.mysql.cj.jdbc.ConnectionImpl@51eb0e84
2023-09-10T20:19:42.645+02:00  INFO 28400 --- [main] com.zaxxer.hikari.HikariDataSource       : HikariPool-1 - Start completed.
2023-09-10T20:19:42.680+02:00  INFO 28400 --- [main] org.hibernate.orm.dialect                : HHH035001: Using dialect: org.hibernate.dialect.MySQLDialect, version: 8.0.32
2023-09-10T20:19:42.817+02:00  INFO 28400 --- [main] o.h.b.i.BytecodeProviderInitiator        : HHH000021: Bytecode provider name : bytebuddy
2023-09-10T20:19:43.258+02:00  INFO 28400 --- [main] o.h.e.t.j.p.i.JtaPlatformInitiator       : HHH000490: Using JtaPlatform implementation: [org.hibernate.engine.transaction.jta.platform.internal.NoJtaPlatform]
2023-09-10T20:19:43.683+02:00  INFO 28400 --- [main] j.LocalContainerEntityManagerFactoryBean : Initialized JPA EntityManagerFactory for persistence unit 'default'
2023-09-10T20:19:43.857+02:00  WARN 28400 --- [main] JpaBaseConfiguration$JpaWebConfiguration : spring.jpa.open-in-view is enabled by default. Therefore, database queries may be performed during view rendering. Explicitly configure spring.jpa.open-in-view to disable this warning
2023-09-10T20:19:43.943+02:00  INFO 28400 --- [main] o.s.b.a.w.s.WelcomePageHandlerMapping    : Adding welcome page: class path resource [static/index.html]
2023-09-10T20:19:44.051+02:00  INFO 28400 --- [main] o.s.b.w.embedded.tomcat.TomcatWebServer  : Tomcat started on port(s): 8080 (http) with context path ''
2023-09-10T20:19:44.056+02:00  INFO 28400 --- [main] c.e.M.Masterproject4Application          : Started Masterproject4Application in 3.022 seconds (process running for 3.271)
2023-09-10T20:19:44.128+02:00  INFO 28400 --- [http-nio-8080-exec-1] o.a.c.c.C.[Tomcat].[localhost].[/]       : Initializing Spring DispatcherServlet 'dispatcherServlet'
2023-09-10T20:19:44.128+02:00  INFO 28400 --- [http-nio-8080-exec-1] o.s.web.servlet.DispatcherServlet        : Initializing Servlet 'dispatcherServlet'
2023-09-10T20:19:44.128+02:00  INFO 28400 --- [http-nio-8080-exec-1] o.s.web.servlet.DispatcherServlet        : Completed initialization in 0 ms
2023-09-10T20:21:27.757+02:00  INFO 28400 --- [SpringApplicationShutdownHook] j.LocalContainerEntityManagerFactoryBean : Closing JPA EntityManagerFactory for persistence unit 'default'
2023-09-10T20:21:27.758+02:00  INFO 28400 --- [SpringApplicationShutdownHook] com.zaxxer.hikari.HikariDataSource       : HikariPool-1 - Shutdown initiated...
2023-09-10T20:21:27.763+02:00  INFO 28400 --- [SpringApplicationShutdownHook] com.zaxxer.hikari.HikariDataSource       : HikariPool-1 - Shutdown completed.
2023-09-10T20:21:36.651+02:00  INFO 29400 --- [main] c.e.M.Masterproject4Application          : Starting Masterproject4Application using Java 19.0.1 with PID 29400 (C:\Users\domin\IdeaProjects\Masterproject4\target\classes started by domin in C:\Users\domin\IdeaProjects\Masterproject4)
2023-09-10T20:21:36.653+02:00  INFO 29400 --- [main] c.e.M.Masterproject4Application          : No active profile set, falling back to 1 default profile: "default"
2023-09-10T20:21:37.036+02:00  INFO 29400 --- [main] .s.d.r.c.RepositoryConfigurationDelegate : Bootstrapping Spring Data JPA repositories in DEFAULT mode.
2023-09-10T20:21:37.076+02:00  INFO 29400 --- [main] .s.d.r.c.RepositoryConfigurationDelegate : Finished Spring Data repository scanning in 35 ms. Found 1 JPA repository interfaces.
2023-09-10T20:21:37.429+02:00  INFO 29400 --- [main] o.s.b.w.embedded.tomcat.TomcatWebServer  : Tomcat initialized with port(s): 8080 (http)
2023-09-10T20:21:37.436+02:00  INFO 29400 --- [main] o.apache.catalina.core.StandardService   : Starting service [Tomcat]
2023-09-10T20:21:37.436+02:00  INFO 29400 --- [main] o.apache.catalina.core.StandardEngine    : Starting Servlet engine: [Apache Tomcat/10.1.8]
2023-09-10T20:21:37.503+02:00  INFO 29400 --- [main] o.a.c.c.C.[Tomcat].[localhost].[/]       : Initializing Spring embedded WebApplicationContext
2023-09-10T20:21:37.504+02:00  INFO 29400 --- [main] w.s.c.ServletWebServerApplicationContext : Root WebApplicationContext: initialization completed in 819 ms
2023-09-10T20:21:37.609+02:00  INFO 29400 --- [main] o.hibernate.jpa.internal.util.LogHelper  : HHH000204: Processing PersistenceUnitInfo [name: default]
2023-09-10T20:21:37.644+02:00  INFO 29400 --- [main] org.hibernate.Version                    : HHH000412: Hibernate ORM core version 6.2.2.Final
2023-09-10T20:21:37.645+02:00  INFO 29400 --- [main] org.hibernate.cfg.Environment            : HHH000406: Using bytecode reflection optimizer
2023-09-10T20:21:37.733+02:00  INFO 29400 --- [main] o.h.b.i.BytecodeProviderInitiator        : HHH000021: Bytecode provider name : bytebuddy
2023-09-10T20:21:37.820+02:00  INFO 29400 --- [main] o.s.o.j.p.SpringPersistenceUnitInfo      : No LoadTimeWeaver setup: ignoring JPA class transformer
2023-09-10T20:21:37.831+02:00  INFO 29400 --- [main] com.zaxxer.hikari.HikariDataSource       : HikariPool-1 - Starting...
2023-09-10T20:21:37.939+02:00  INFO 29400 --- [main] com.zaxxer.hikari.pool.HikariPool        : HikariPool-1 - Added connection com.mysql.cj.jdbc.ConnectionImpl@3dea226b
2023-09-10T20:21:37.941+02:00  INFO 29400 --- [main] com.zaxxer.hikari.HikariDataSource       : HikariPool-1 - Start completed.
2023-09-10T20:21:37.974+02:00  INFO 29400 --- [main] org.hibernate.orm.dialect                : HHH035001: Using dialect: org.hibernate.dialect.MySQLDialect, version: 8.0.32
2023-09-10T20:21:38.110+02:00  INFO 29400 --- [main] o.h.b.i.BytecodeProviderInitiator        : HHH000021: Bytecode provider name : bytebuddy
2023-09-10T20:21:38.557+02:00  INFO 29400 --- [main] o.h.e.t.j.p.i.JtaPlatformInitiator       : HHH000490: Using JtaPlatform implementation: [org.hibernate.engine.transaction.jta.platform.internal.NoJtaPlatform]
2023-09-10T20:21:38.968+02:00  INFO 29400 --- [main] j.LocalContainerEntityManagerFactoryBean : Initialized JPA EntityManagerFactory for persistence unit 'default'
2023-09-10T20:21:39.142+02:00  WARN 29400 --- [main] JpaBaseConfiguration$JpaWebConfiguration : spring.jpa.open-in-view is enabled by default. Therefore, database queries may be performed during view rendering. Explicitly configure spring.jpa.open-in-view to disable this warning
2023-09-10T20:21:39.221+02:00  INFO 29400 --- [main] o.s.b.a.w.s.WelcomePageHandlerMapping    : Adding welcome page: class path resource [static/index.html]
2023-09-10T20:21:39.320+02:00  INFO 29400 --- [main] o.s.b.w.embedded.tomcat.TomcatWebServer  : Tomcat started on port(s): 8080 (http) with context path ''
2023-09-10T20:21:39.325+02:00  INFO 29400 --- [main] c.e.M.Masterproject4Application          : Started Masterproject4Application in 3.015 seconds (process running for 3.262)
2023-09-10T20:21:39.388+02:00  INFO 29400 --- [http-nio-8080-exec-1] o.a.c.c.C.[Tomcat].[localhost].[/]       : Initializing Spring DispatcherServlet 'dispatcherServlet'
2023-09-10T20:21:39.389+02:00  INFO 29400 --- [http-nio-8080-exec-1] o.s.web.servlet.DispatcherServlet        : Initializing Servlet 'dispatcherServlet'
2023-09-10T20:21:39.389+02:00  INFO 29400 --- [http-nio-8080-exec-1] o.s.web.servlet.DispatcherServlet        : Completed initialization in 0 ms
2023-09-10T20:22:15.005+02:00  INFO 29400 --- [SpringApplicationShutdownHook] j.LocalContainerEntityManagerFactoryBean : Closing JPA EntityManagerFactory for persistence unit 'default'
2023-09-10T20:22:15.006+02:00  INFO 29400 --- [SpringApplicationShutdownHook] com.zaxxer.hikari.HikariDataSource       : HikariPool-1 - Shutdown initiated...
2023-09-10T20:22:15.011+02:00  INFO 29400 --- [SpringApplicationShutdownHook] com.zaxxer.hikari.HikariDataSource       : HikariPool-1 - Shutdown completed.
2023-09-10T20:22:23.889+02:00  INFO 2192 --- [main] c.e.M.Masterproject4Application          : Starting Masterproject4Application using Java 19.0.1 with PID 2192 (C:\Users\domin\IdeaProjects\Masterproject4\target\classes started by domin in C:\Users\domin\IdeaProjects\Masterproject4)
2023-09-10T20:22:23.891+02:00  INFO 2192 --- [main] c.e.M.Masterproject4Application          : No active profile set, falling back to 1 default profile: "default"
2023-09-10T20:22:24.247+02:00  INFO 2192 --- [main] .s.d.r.c.RepositoryConfigurationDelegate : Bootstrapping Spring Data JPA repositories in DEFAULT mode.
2023-09-10T20:22:24.286+02:00  INFO 2192 --- [main] .s.d.r.c.RepositoryConfigurationDelegate : Finished Spring Data repository scanning in 34 ms. Found 1 JPA repository interfaces.
2023-09-10T20:22:24.632+02:00  INFO 2192 --- [main] o.s.b.w.embedded.tomcat.TomcatWebServer  : Tomcat initialized with port(s): 8080 (http)
2023-09-10T20:22:24.640+02:00  INFO 2192 --- [main] o.apache.catalina.core.StandardService   : Starting service [Tomcat]
2023-09-10T20:22:24.640+02:00  INFO 2192 --- [main] o.apache.catalina.core.StandardEngine    : Starting Servlet engine: [Apache Tomcat/10.1.8]
2023-09-10T20:22:24.711+02:00  INFO 2192 --- [main] o.a.c.c.C.[Tomcat].[localhost].[/]       : Initializing Spring embedded WebApplicationContext
2023-09-10T20:22:24.711+02:00  INFO 2192 --- [main] w.s.c.ServletWebServerApplicationContext : Root WebApplicationContext: initialization completed in 791 ms
2023-09-10T20:22:24.823+02:00  INFO 2192 --- [main] o.hibernate.jpa.internal.util.LogHelper  : HHH000204: Processing PersistenceUnitInfo [name: default]
2023-09-10T20:22:24.858+02:00  INFO 2192 --- [main] org.hibernate.Version                    : HHH000412: Hibernate ORM core version 6.2.2.Final
2023-09-10T20:22:24.860+02:00  INFO 2192 --- [main] org.hibernate.cfg.Environment            : HHH000406: Using bytecode reflection optimizer
2023-09-10T20:22:24.949+02:00  INFO 2192 --- [main] o.h.b.i.BytecodeProviderInitiator        : HHH000021: Bytecode provider name : bytebuddy
2023-09-10T20:22:25.033+02:00  INFO 2192 --- [main] o.s.o.j.p.SpringPersistenceUnitInfo      : No LoadTimeWeaver setup: ignoring JPA class transformer
2023-09-10T20:22:25.044+02:00  INFO 2192 --- [main] com.zaxxer.hikari.HikariDataSource       : HikariPool-1 - Starting...
2023-09-10T20:22:25.149+02:00  INFO 2192 --- [main] com.zaxxer.hikari.pool.HikariPool        : HikariPool-1 - Added connection com.mysql.cj.jdbc.ConnectionImpl@3dea226b
2023-09-10T20:22:25.150+02:00  INFO 2192 --- [main] com.zaxxer.hikari.HikariDataSource       : HikariPool-1 - Start completed.
2023-09-10T20:22:25.183+02:00  INFO 2192 --- [main] org.hibernate.orm.dialect                : HHH035001: Using dialect: org.hibernate.dialect.MySQLDialect, version: 8.0.32
2023-09-10T20:22:25.316+02:00  INFO 2192 --- [main] o.h.b.i.BytecodeProviderInitiator        : HHH000021: Bytecode provider name : bytebuddy
2023-09-10T20:22:25.758+02:00  INFO 2192 --- [main] o.h.e.t.j.p.i.JtaPlatformInitiator       : HHH000490: Using JtaPlatform implementation: [org.hibernate.engine.transaction.jta.platform.internal.NoJtaPlatform]
2023-09-10T20:22:26.147+02:00  INFO 2192 --- [main] j.LocalContainerEntityManagerFactoryBean : Initialized JPA EntityManagerFactory for persistence unit 'default'
2023-09-10T20:22:26.321+02:00  WARN 2192 --- [main] JpaBaseConfiguration$JpaWebConfiguration : spring.jpa.open-in-view is enabled by default. Therefore, database queries may be performed during view rendering. Explicitly configure spring.jpa.open-in-view to disable this warning
2023-09-10T20:22:26.406+02:00  INFO 2192 --- [main] o.s.b.a.w.s.WelcomePageHandlerMapping    : Adding welcome page: class path resource [static/index.html]
2023-09-10T20:22:26.510+02:00  INFO 2192 --- [main] o.s.b.w.embedded.tomcat.TomcatWebServer  : Tomcat started on port(s): 8080 (http) with context path ''
2023-09-10T20:22:26.516+02:00  INFO 2192 --- [main] c.e.M.Masterproject4Application          : Started Masterproject4Application in 2.971 seconds (process running for 3.214)
2023-09-10T20:22:26.598+02:00  INFO 2192 --- [http-nio-8080-exec-1] o.a.c.c.C.[Tomcat].[localhost].[/]       : Initializing Spring DispatcherServlet 'dispatcherServlet'
2023-09-10T20:22:26.599+02:00  INFO 2192 --- [http-nio-8080-exec-1] o.s.web.servlet.DispatcherServlet        : Initializing Servlet 'dispatcherServlet'
2023-09-10T20:22:26.599+02:00  INFO 2192 --- [http-nio-8080-exec-1] o.s.web.servlet.DispatcherServlet        : Completed initialization in 0 ms
2023-09-10T20:22:41.227+02:00  INFO 2192 --- [SpringApplicationShutdownHook] j.LocalContainerEntityManagerFactoryBean : Closing JPA EntityManagerFactory for persistence unit 'default'
2023-09-10T20:22:41.229+02:00  INFO 2192 --- [SpringApplicationShutdownHook] com.zaxxer.hikari.HikariDataSource       : HikariPool-1 - Shutdown initiated...
2023-09-10T20:22:41.235+02:00  INFO 2192 --- [SpringApplicationShutdownHook] com.zaxxer.hikari.HikariDataSource       : HikariPool-1 - Shutdown completed.
